  Building 'MiniYCWatcherDriver' with toolset 'WindowsKernelModeDriver10.0' and the 'Desktop' target platform.
  Stamping x64\Debug\miniycwatcher.inf
  Stamping [Version] section with DriverVer=04/23/2022,22.36.11.349
  Stamping [Version] section with CatalogFile=minifswatcher.cat
D:\VSProject\MiniYCWatcher\MiniYCWatcherDriver\miniycwatcher.inf : warning 1420: [DefaultInstall]-based INF cannot be processed as Primitive.
D:\VSProject\MiniYCWatcher\MiniYCWatcherDriver\miniycwatcher.inf(8-8): warning 1324: [Version] section should specify PnpLockdown=1.
D:\VSProject\MiniYCWatcher\MiniYCWatcherDriver\miniycwatcher.inf(25-25): warning 1421: Section [DefaultInstall] should have an architecture decoration.
D:\VSProject\MiniYCWatcher\MiniYCWatcherDriver\miniycwatcher.inf(36-36): warning 1421: Section [DefaultUninstall] should have an architecture decoration.
D:\VSProject\MiniYCWatcher\MiniYCWatcherDriver\miniycwatcher.inf(71-71): warning 1205: Section [MiniYCWatcher.DriverFiles] referenced from DelFiles and CopyFiles directive.
  minispy.c
  mspyLib.c
  RegistrationData.c
  正在產生程式碼...
  minispy.vcxproj -> D:\VSProject\MiniYCWatcher\MiniYCWatcherDriver\x64\Debug\miniycwatcher.sys
  Done Adding Additional Store
  Successfully signed: D:\VSProject\MiniYCWatcher\MiniYCWatcherDriver\x64\Debug\miniycwatcher.sys
  
  ........................
  Signability test complete.
  
  Errors:
  None
  
  Warnings:
  None
  
  Catalog generation complete.
  D:\VSProject\MiniYCWatcher\MiniYCWatcherDriver\x64\Debug\MiniYCWatcherDriver\minifswatcher.cat
  Done Adding Additional Store
  Successfully signed: x64\Debug\MiniYCWatcherDriver\minifswatcher.cat
  
