d:\vsproject\miniycwatcher\miniycwatcherdriver\x64\release\vc142.pdb
d:\vsproject\miniycwatcher\miniycwatcherdriver\x64\release\registrationdata.obj
d:\vsproject\miniycwatcher\miniycwatcherdriver\x64\release\mspylib.obj
d:\vsproject\miniycwatcher\miniycwatcherdriver\x64\release\minispy.obj
d:\vsproject\miniycwatcher\miniycwatcherdriver\x64\release\miniycwatcherdriver\miniycwatcher.cat
d:\vsproject\miniycwatcher\miniycwatcherdriver\x64\release\miniycwatcher.sys
d:\vsproject\miniycwatcher\miniycwatcherdriver\x64\release\miniycwatcher.map
d:\vsproject\miniycwatcher\miniycwatcherdriver\x64\release\miniycwatcher.pdb
d:\vsproject\miniycwatcher\miniycwatcherdriver\x64\release\minispy.res
d:\vsproject\miniycwatcher\miniycwatcherdriver\x64\release\miniycwatcher.inf
d:\vsproject\miniycwatcher\miniycwatcherdriver\x64\release\miniycwa.ab0153f1.tlog\cl.command.1.tlog
d:\vsproject\miniycwatcher\miniycwatcherdriver\x64\release\miniycwa.ab0153f1.tlog\cl.read.1.tlog
d:\vsproject\miniycwatcher\miniycwatcherdriver\x64\release\miniycwa.ab0153f1.tlog\cl.write.1.tlog
d:\vsproject\miniycwatcher\miniycwatcherdriver\x64\release\miniycwa.ab0153f1.tlog\inf2cat-expand.7832.read.1.tlog
d:\vsproject\miniycwatcher\miniycwatcherdriver\x64\release\miniycwa.ab0153f1.tlog\inf2cat-expand.7832.write.1.tlog
d:\vsproject\miniycwatcher\miniycwatcherdriver\x64\release\miniycwa.ab0153f1.tlog\inf2cat-expand.read.1.tlog
d:\vsproject\miniycwatcher\miniycwatcherdriver\x64\release\miniycwa.ab0153f1.tlog\inf2cat-expand.write.1.tlog
d:\vsproject\miniycwatcher\miniycwatcherdriver\x64\release\miniycwa.ab0153f1.tlog\inf2cat.command.1.tlog
d:\vsproject\miniycwatcher\miniycwatcherdriver\x64\release\miniycwa.ab0153f1.tlog\inf2cat.read.1.tlog
d:\vsproject\miniycwatcher\miniycwatcherdriver\x64\release\miniycwa.ab0153f1.tlog\inf2cat.read.8.tlog
d:\vsproject\miniycwatcher\miniycwatcherdriver\x64\release\miniycwa.ab0153f1.tlog\inf2cat.write.1.tlog
d:\vsproject\miniycwatcher\miniycwatcherdriver\x64\release\miniycwa.ab0153f1.tlog\inf2cat.write.8.tlog
d:\vsproject\miniycwatcher\miniycwatcherdriver\x64\release\miniycwa.ab0153f1.tlog\link.command.1.tlog
d:\vsproject\miniycwatcher\miniycwatcherdriver\x64\release\miniycwa.ab0153f1.tlog\link.read.1.tlog
d:\vsproject\miniycwatcher\miniycwatcherdriver\x64\release\miniycwa.ab0153f1.tlog\link.write.1.tlog
d:\vsproject\miniycwatcher\miniycwatcherdriver\x64\release\miniycwa.ab0153f1.tlog\rc.command.1.tlog
d:\vsproject\miniycwatcher\miniycwatcherdriver\x64\release\miniycwa.ab0153f1.tlog\rc.read.1.tlog
d:\vsproject\miniycwatcher\miniycwatcherdriver\x64\release\miniycwa.ab0153f1.tlog\rc.write.1.tlog
d:\vsproject\miniycwatcher\miniycwatcherdriver\x64\release\miniycwa.ab0153f1.tlog\signtool.command.1.tlog
d:\vsproject\miniycwatcher\miniycwatcherdriver\x64\release\miniycwa.ab0153f1.tlog\signtool.read.1.tlog
d:\vsproject\miniycwatcher\miniycwatcherdriver\x64\release\miniycwa.ab0153f1.tlog\signtool.timestamp.1.tlog
d:\vsproject\miniycwatcher\miniycwatcherdriver\x64\release\miniycwa.ab0153f1.tlog\signtool.write.1.tlog
d:\vsproject\miniycwatcher\miniycwatcherdriver\x64\release\miniycwa.ab0153f1.tlog\stampinf.command.1.tlog
d:\vsproject\miniycwatcher\miniycwatcherdriver\x64\release\miniycwa.ab0153f1.tlog\stampinf.read.1.tlog
d:\vsproject\miniycwatcher\miniycwatcherdriver\x64\release\miniycwa.ab0153f1.tlog\stampinf.write.1.tlog
