  EventWatcher.cpp
D:\VSProject\MiniYCWatcher\FilterApp\EventWatcher.cpp(91,24): warning C4267: '正在初始化': 將 'size_t' 轉換為 'int'，資料可能遺失
  FilterApp.cpp
  FilterMgr.cpp
  FuncTool.cpp
D:\VSProject\MiniYCWatcher\FilterApp\FuncTool.cpp(158,16): warning C4267: '=': 將 'size_t' 轉換為 'int'，資料可能遺失
D:\VSProject\MiniYCWatcher\FilterApp\FuncTool.cpp(163,39): warning C4267: '正在初始化': 將 'size_t' 轉換為 'int'，資料可能遺失
C:\Program Files (x86)\Microsoft Visual Studio\2019\Community\VC\Tools\MSVC\14.29.30133\include\xstring(2575,23): warning C4244: '引數': 將 'wchar_t' 轉換為 'const _Elem'，由於類型不同，可能導致資料遺失
          with
          [
              _Elem=char
          ]
C:\Program Files (x86)\Microsoft Visual Studio\2019\Community\VC\Tools\MSVC\14.29.30133\include\xstring(2586): message : 請參考正在進行編譯的函式 樣板 具現化 'void std::basic_string<char,std::char_traits<char>,std::allocator<char>>::_Construct<wchar_t*>(_Iter,const _Iter,std::input_iterator_tag)'
          with
          [
              _Iter=wchar_t *
          ]
C:\Program Files (x86)\Microsoft Visual Studio\2019\Community\VC\Tools\MSVC\14.29.30133\include\xstring(2586): message : 請參考正在進行編譯的函式 樣板 具現化 'void std::basic_string<char,std::char_traits<char>,std::allocator<char>>::_Construct<wchar_t*>(_Iter,const _Iter,std::input_iterator_tag)'
          with
          [
              _Iter=wchar_t *
          ]
C:\Program Files (x86)\Microsoft Visual Studio\2019\Community\VC\Tools\MSVC\14.29.30133\include\xstring(2566): message : 請參考正在進行編譯的函式 樣板 具現化 'void std::basic_string<char,std::char_traits<char>,std::allocator<char>>::_Construct<wchar_t*>(const _Iter,const _Iter,std::forward_iterator_tag)'
          with
          [
              _Iter=wchar_t *
          ]
C:\Program Files (x86)\Microsoft Visual Studio\2019\Community\VC\Tools\MSVC\14.29.30133\include\xstring(2566): message : 請參考正在進行編譯的函式 樣板 具現化 'void std::basic_string<char,std::char_traits<char>,std::allocator<char>>::_Construct<wchar_t*>(const _Iter,const _Iter,std::forward_iterator_tag)'
          with
          [
              _Iter=wchar_t *
          ]
D:\VSProject\MiniYCWatcher\FilterApp\FuncTool.cpp(59): message : 請參考正在進行編譯的函式 樣板 具現化 'std::basic_string<char,std::char_traits<char>,std::allocator<char>>::basic_string<std::_String_iterator<std::_String_val<std::_Simple_types<_Elem>>>,0>(_Iter,_Iter,const _Alloc &)'
          with
          [
              _Elem=wchar_t,
              _Iter=std::_String_iterator<std::_String_val<std::_Simple_types<wchar_t>>>,
              _Alloc=std::allocator<char>
          ]
D:\VSProject\MiniYCWatcher\FilterApp\FuncTool.cpp(59): message : 請參考正在進行編譯的函式 樣板 具現化 'std::basic_string<char,std::char_traits<char>,std::allocator<char>>::basic_string<std::_String_iterator<std::_String_val<std::_Simple_types<_Elem>>>,0>(_Iter,_Iter,const _Alloc &)'
          with
          [
              _Elem=wchar_t,
              _Iter=std::_String_iterator<std::_String_val<std::_Simple_types<wchar_t>>>,
              _Alloc=std::allocator<char>
          ]
  正在產生程式碼
  Previous IPDB not found, fall back to full compilation.
  All 702 functions were compiled because no usable IPDB/IOBJ from previous compilation was found.
  已完成程式碼產生
  FilterApp.vcxproj -> D:\VSProject\MiniYCWatcher\x64\Release\FilterApp.exe
